
> frontend@0.1.0 dev
> next dev

   ▲ Next.js 15.5.9
   - Local:        http://localhost:3003
   - Network:      http://10.255.255.254:3003
   - Environments: .env.local

 ✓ Starting...
 ✓ Ready in 3.7s
 ○ Compiling /middleware ...
 ✓ Compiled /middleware in 3.2s (114 modules)
 ○ Compiling /dashboard ...
 ✓ Compiled /dashboard in 10.4s (607 modules)
 GET /dashboard 200 in 15603ms
 ○ Compiling /favicon.ico ...
 ✓ Compiled /api/oauth in 9.9s (959 modules)
 POST /api/oauth 500 in 9996ms
 POST /api/oauth 500 in 9995ms
 GET /favicon.ico 200 in 12497ms
 GET /dashboard 200 in 1893ms
 GET /dashboard 200 in 1898ms
 GET /favicon.ico 200 in 76ms
 GET /dashboard 200 in 337ms
 GET /favicon.ico 200 in 147ms
 POST /api/oauth 500 in 112ms
 POST /api/oauth 500 in 100ms
 GET /dashboard 200 in 681ms
 GET /favicon.ico 200 in 34ms
 POST /api/oauth 500 in 23ms
 POST /api/oauth 500 in 32ms
 POST /api/oauth 500 in 28ms
 POST /api/oauth 500 in 38ms
 ○ Compiling /login ...
 ✓ Compiled /login in 3.2s (672 modules)
 GET /login 200 in 4103ms
 ○ Compiling /api/auth/login ...
 ✓ Compiled /api/auth/login in 2.5s (695 modules)
 POST /api/auth/login 200 in 3075ms
 ○ Compiling /_error ...
 GET /login 500 in 56172ms
 GET /dashboard 500 in 56171ms
 GET /dashboard 500 in 56171ms
 GET /login 500 in 25287ms
 GET /login 500 in 111ms
 GET /dashboard 500 in 170ms
 GET /dashboard 500 in 170ms
 GET /login 500 in 97ms
 GET /dashboard 500 in 173ms
 GET /dashboard 500 in 172ms
 GET /login 500 in 107ms
 GET /dashboard 500 in 147ms
 GET /dashboard 500 in 148ms
 GET /login 500 in 127ms
 GET /dashboard 500 in 186ms
 GET /dashboard 500 in 191ms
 GET /login 500 in 1418ms
 GET /dashboard 500 in 439ms
 GET /dashboard 200 in 3541ms
 GET /dashboard 200 in 3612ms
 ✓ Compiled /_error in 18.9s (1012 modules)
 GET /dashboard 200 in 3330ms
 GET /dashboard 200 in 3329ms
 GET /login 200 in 4957ms
 GET /dashboard 200 in 1619ms
 GET /dashboard 200 in 1675ms
 GET /login 200 in 1679ms
 ○ Compiling /favicon.ico ...
 POST /api/oauth 500 in 1168ms
 POST /api/oauth 500 in 1222ms
 POST /api/oauth 500 in 1221ms
 POST /api/oauth 500 in 1212ms
 ✓ Compiled /favicon.ico in 3.2s (621 modules)
 GET /favicon.ico 200 in 2599ms
 GET /favicon.ico 200 in 4052ms
 GET /favicon.ico 200 in 58ms
 GET /favicon.ico 200 in 28ms
 ○ Compiling /register ...
 ✓ Compiled /register in 1410ms (1036 modules)
 GET /register 200 in 1980ms
 GET /register 200 in 134ms
 GET /login 500 in 164ms
 GET /dashboard 500 in 256ms
 GET /dashboard 500 in 302ms
 GET /login 500 in 388ms
 GET /login 500 in 387ms
 GET /dashboard 500 in 387ms
 GET /dashboard 500 in 315ms
 GET /login 500 in 1158ms
 GET /dashboard 500 in 1191ms
 GET /login 500 in 497ms
 GET /dashboard 500 in 608ms
 GET /login 500 in 228ms
 ○ Compiling /favicon.ico ...
 GET /favicon.ico 500 in 2461ms
 GET /favicon.ico 500 in 2255ms
 GET /login 200 in 949ms
 GET /dashboard 500 in 1100ms
 GET /dashboard 500 in 1748ms
 GET /favicon.ico 500 in 527ms
 GET /dashboard 200 in 484ms
 GET /login 200 in 567ms
 GET /dashboard 200 in 708ms
 GET /dashboard 200 in 435ms
 GET /login 200 in 291ms
 GET /dashboard 500 in 98ms
 GET /dashboard 500 in 102ms
 GET /login 500 in 219ms
 GET /login 500 in 231ms
 GET /favicon.ico 500 in 185ms
 GET /login 500 in 205ms
 GET /dashboard 500 in 115ms
 GET /favicon.ico 500 in 73ms
 GET /login 200 in 982ms
 GET /dashboard 200 in 1103ms
 GET /dashboard 200 in 458ms
 GET /dashboard 200 in 2536ms
 GET /dashboard 500 in 4017ms
 GET /dashboard 500 in 562ms
 GET /login 500 in 4212ms
 GET /login 500 in 200ms
 GET /dashboard 500 in 1724ms
 GET /dashboard 500 in 204ms
 GET /favicon.ico 500 in 2725ms
 GET /login 500 in 946ms
 GET /login 500 in 48ms
 GET /login 500 in 210ms
 GET /login 500 in 50ms
 ✓ Compiled /favicon.ico in 4s (1036 modules)
 GET /login 500 in 2198ms
 GET /login 500 in 171ms
 ○ Compiling / ...
 ✓ Compiled / in 3s (1026 modules)
 GET / 500 in 4923ms
 GET / 500 in 139ms
[?25h

> frontend@0.1.0 dev
> next dev

   ▲ Next.js 15.5.9
   - Local:        http://localhost:3003
   - Network:      http://10.255.255.254:3003
   - Environments: .env.local

 ✓ Starting...
 ✓ Ready in 5.6s
